<component name="libraryTable">
  <library name="junit-platform-console-standalone-1.9.3">
    <CLASSES>
      <root url="jar://$PROJECT_DIR$/Test/junit-platform-console-standalone-1.9.3.jar!/" />
    </CLASSES>
    <JAVADOC />
    <SOURCES />
  </library>
</component>